[debug] ----------------------------------------------------------------------
[debug] Command:      /usr/local/bin/node /usr/local/bin/firebase serve
[debug] CLI Version:  3.2.3
[debug] Platform:     linux
[debug] Node Version: v8.0.0
[debug] Time:         Sat Sep 23 2017 02:23:28 GMT+0530 (IST)
[debug] ----------------------------------------------------------------------
[debug] 
[info] Starting Firebase development server...
[info] 
[info] Project Directory: /home/priyanshu/Github/Umang-Foundation
[info] Public Directory: dist
[info] 
[info] Server listening at: http://localhost:5000
[debug] ----------------------------------------------------------------------
[debug] Command:      /usr/local/bin/node /usr/local/bin/firebase serve
[debug] CLI Version:  3.2.3
[debug] Platform:     linux
[debug] Node Version: v8.0.0
[debug] Time:         Sat Sep 23 2017 02:47:42 GMT+0530 (IST)
[debug] ----------------------------------------------------------------------
[debug] 
[info] Starting Firebase development server...
[info] 
[info] Project Directory: /home/priyanshu/Github/Umang-Foundation
[warn] ⚠  Port 5000 is not available. Trying another port...
[info] Public Directory: dist
[info] 
[info] Server listening at: http://localhost:5001
[debug] ----------------------------------------------------------------------
[debug] Command:      /usr/local/bin/node /usr/local/bin/firebase serve
[debug] CLI Version:  3.2.3
[debug] Platform:     linux
[debug] Node Version: v8.0.0
[debug] Time:         Sat Sep 23 2017 03:07:29 GMT+0530 (IST)
[debug] ----------------------------------------------------------------------
[debug] 
[info] Starting Firebase development server...
[info] 
[info] Project Directory: /home/priyanshu/Github/Umang-Foundation
[warn] ⚠  Port 5000 is not available. Trying another port...
[warn] ⚠  Port 5001 is not available. Trying another port...
[info] Public Directory: dist
[info] 
[info] Server listening at: http://localhost:5002
[debug] ----------------------------------------------------------------------
[debug] Command:      /usr/local/bin/node /usr/local/bin/firebase serve
[debug] CLI Version:  3.2.3
[debug] Platform:     linux
[debug] Node Version: v8.0.0
[debug] Time:         Sat Sep 23 2017 03:12:11 GMT+0530 (IST)
[debug] ----------------------------------------------------------------------
[debug] 
[info] Starting Firebase development server...
[info] 
[info] Project Directory: /home/priyanshu/Github/Umang-Foundation
[warn] ⚠  Port 5000 is not available. Trying another port...
[warn] ⚠  Port 5001 is not available. Trying another port...
[warn] ⚠  Port 5002 is not available. Trying another port...
[info] Public Directory: dist
[info] 
[info] Server listening at: http://localhost:5003
[debug] ----------------------------------------------------------------------
[debug] Command:      /usr/local/bin/node /usr/local/bin/firebase serve
[debug] CLI Version:  3.2.3
[debug] Platform:     linux
[debug] Node Version: v8.0.0
[debug] Time:         Sat Sep 23 2017 03:20:39 GMT+0530 (IST)
[debug] ----------------------------------------------------------------------
[debug] 
[info] Starting Firebase development server...
[info] 
[info] Project Directory: /home/priyanshu/Github/Umang-Foundation
[warn] ⚠  Port 5000 is not available. Trying another port...
[warn] ⚠  Port 5001 is not available. Trying another port...
[warn] ⚠  Port 5002 is not available. Trying another port...
[warn] ⚠  Port 5003 is not available. Trying another port...
[info] Public Directory: dist
[info] 
[info] Server listening at: http://localhost:5004
[debug] ----------------------------------------------------------------------
[debug] Command:      /usr/local/bin/node /usr/local/bin/firebase serve
[debug] CLI Version:  3.2.3
[debug] Platform:     linux
[debug] Node Version: v8.0.0
[debug] Time:         Sat Sep 23 2017 03:29:40 GMT+0530 (IST)
[debug] ----------------------------------------------------------------------
[debug] 
[info] Starting Firebase development server...
[info] 
[info] Project Directory: /home/priyanshu/Github/Umang-Foundation
[warn] ⚠  Port 5000 is not available. Trying another port...
[warn] ⚠  Port 5001 is not available. Trying another port...
[warn] ⚠  Port 5002 is not available. Trying another port...
[warn] ⚠  Port 5003 is not available. Trying another port...
[warn] ⚠  Port 5004 is not available. Trying another port...
[info] Public Directory: dist
[info] 
[info] Server listening at: http://localhost:5005
